2025-03-16T19:06:16.236+08:00  INFO 17976 --- [Lavalink] [main] lavalink.server.Launcher                 : Starting Launcher v4.0.8 using Java 23.0.1 with PID 17976 (C:\Users\OverSeer\Downloads\Lava\Lavalink.jar started by OverSeer in C:\Users\OverSeer\Downloads\Lava)
2025-03-16T19:06:16.281+08:00  INFO 17976 --- [Lavalink] [main] lavalink.server.Launcher                 : No active profile set, falling back to 1 default profile: "default"
2025-03-16T19:06:19.599+08:00  INFO 17976 --- [Lavalink] [main] l.server.bootstrap.PluginManager         : Found plugin 'lavalyrics-plugin' version 1.0.0
2025-03-16T19:06:19.600+08:00  INFO 17976 --- [Lavalink] [main] l.server.bootstrap.PluginManager         : Found plugin 'lavasrc-plugin' version 4.4.2
2025-03-16T19:06:19.601+08:00  INFO 17976 --- [Lavalink] [main] l.server.bootstrap.PluginManager         : Found plugin 'youtube-plugin' version 1.11.5
2025-03-16T19:06:19.675+08:00  INFO 17976 --- [Lavalink] [main] l.server.bootstrap.PluginManager         : Loaded lavalyrics-plugin-1.0.0.jar (23 classes)
2025-03-16T19:06:20.028+08:00  INFO 17976 --- [Lavalink] [main] l.server.bootstrap.PluginManager         : Loaded lavasrc-plugin-4.4.2.jar (170 classes)
2025-03-16T19:06:20.064+08:00  INFO 17976 --- [Lavalink] [main] l.server.bootstrap.PluginManager         : Loaded youtube-plugin-1.11.5.jar (16 classes)
2025-03-16T19:06:20.585+08:00  INFO 17976 --- [Lavalink] [main] lavalink.server.Launcher                 : Started Launcher in 5.578 seconds (process running for 7.17)
2025-03-16T19:06:20.945+08:00  INFO 17976 --- [Lavalink] [main] lavalink.server.Launcher                 : 

[32m       .  [31m _                  _ _       _    [32m__ _ _
[32m      /\\ [31m| | __ ___   ____ _| (_)_ __ | | __[32m\ \ \ \
[32m     ( ( )[31m| |/ _` \ \ / / _` | | | '_ \| |/ /[32m \ \ \ \
[32m      \\/ [31m| | (_| |\ V / (_| | | | | | |   < [32m  ) ) ) )
[32m       '  [31m|_|\__,_| \_/ \__,_|_|_|_| |_|_|\_\[32m / / / /
[0m    =========================================[32m/_/_/_/[0m

	Version:        4.0.8
	Build time:     20.09.2024 20:20:10 UTC
	Branch          HEAD
	Commit:         2946608
	Commit time:    20.09.2024 20:17:58 UTC
	JVM:            23.0.1
	Lavaplayer      2.2.2

2025-03-16T19:06:20.966+08:00  INFO 17976 --- [Lavalink] [main] lavalink.server.Launcher                 : No active profile set, falling back to 1 default profile: "default"
2025-03-16T19:06:23.878+08:00  WARN 17976 --- [Lavalink] [main] io.undertow.websockets.jsr               : UT026010: Buffer pool was not set on WebSocketDeploymentInfo, the default pool will be used
2025-03-16T19:06:23.962+08:00  INFO 17976 --- [Lavalink] [main] io.undertow.servlet                      : Initializing Spring embedded WebApplicationContext
2025-03-16T19:06:23.963+08:00  INFO 17976 --- [Lavalink] [main] w.s.c.ServletWebServerApplicationContext : Root WebApplicationContext: initialization completed in 2970 ms
2025-03-16T19:06:24.719+08:00  INFO 17976 --- [Lavalink] [main] c.g.t.lavasrc.plugin.LavaSrcPlugin       : Loading LavaSrc plugin...
2025-03-16T19:06:25.213+08:00  INFO 17976 --- [Lavalink] [main] c.g.t.lavasrc.plugin.LavaSrcPlugin       : Registering Youtube Source audio source manager...
2025-03-16T19:06:47.018+08:00  INFO 17976 --- [Lavalink] [main] c.s.d.l.tools.GarbageCollectionMonitor   : GC monitoring enabled, reporting results every 2 minutes.
2025-03-16T19:06:58.537+08:00  WARN 17976 --- [Lavalink] [main] s.d.l.s.t.TwitchStreamAudioSourceManager : Failed to fetch Twitch source keys. Key fetching will be retried upon loading a Twitch track. This warning can be ignored unless the issue persists.

com.sedmelluq.discord.lavaplayer.tools.FriendlyException: Loading Twitch main page failed.
	at com.sedmelluq.discord.lavaplayer.source.twitch.TwitchStreamAudioSourceManager.initRequestHeaders(TwitchStreamAudioSourceManager.java:232) ~[lavaplayer-2.2.2.jar!/:na]
	at com.sedmelluq.discord.lavaplayer.source.twitch.TwitchStreamAudioSourceManager.<init>(TwitchStreamAudioSourceManager.java:60) ~[lavaplayer-2.2.2.jar!/:na]
	at lavalink.server.config.AudioPlayerConfiguration.audioPlayerManagerSupplier(AudioPlayerConfiguration.kt:171) ~[classes!/:4.0.8]
	at lavalink.server.config.AudioPlayerConfiguration$$SpringCGLIB$$0.CGLIB$audioPlayerManagerSupplier$1(<generated>) ~[classes!/:4.0.8]
	at lavalink.server.config.AudioPlayerConfiguration$$SpringCGLIB$$FastClass$$1.invoke(<generated>) ~[classes!/:4.0.8]
	at org.springframework.cglib.proxy.MethodProxy.invokeSuper(MethodProxy.java:258) ~[spring-core-6.1.9.jar!/:6.1.9]
	at org.springframework.context.annotation.ConfigurationClassEnhancer$BeanMethodInterceptor.intercept(ConfigurationClassEnhancer.java:339) ~[spring-context-6.1.9.jar!/:6.1.9]
	at lavalink.server.config.AudioPlayerConfiguration$$SpringCGLIB$$0.audioPlayerManagerSupplier(<generated>) ~[classes!/:4.0.8]
	at java.base/jdk.internal.reflect.DirectMethodHandleAccessor.invoke(DirectMethodHandleAccessor.java:103) ~[na:na]
	at java.base/java.lang.reflect.Method.invoke(Method.java:580) ~[na:na]
	at org.springframework.beans.factory.support.SimpleInstantiationStrategy.instantiate(SimpleInstantiationStrategy.java:140) ~[spring-beans-6.1.9.jar!/:6.1.9]
	at org.springframework.beans.factory.support.ConstructorResolver.instantiate(ConstructorResolver.java:644) ~[spring-beans-6.1.9.jar!/:6.1.9]
	at org.springframework.beans.factory.support.ConstructorResolver.instantiateUsingFactoryMethod(ConstructorResolver.java:636) ~[spring-beans-6.1.9.jar!/:6.1.9]
	at org.springframework.beans.factory.support.AbstractAutowireCapableBeanFactory.instantiateUsingFactoryMethod(AbstractAutowireCapableBeanFactory.java:1337) ~[spring-beans-6.1.9.jar!/:6.1.9]
	at org.springframework.beans.factory.support.AbstractAutowireCapableBeanFactory.createBeanInstance(AbstractAutowireCapableBeanFactory.java:1167) ~[spring-beans-6.1.9.jar!/:6.1.9]
	at org.springframework.beans.factory.support.AbstractAutowireCapableBeanFactory.doCreateBean(AbstractAutowireCapableBeanFactory.java:562) ~[spring-beans-6.1.9.jar!/:6.1.9]
	at org.springframework.beans.factory.support.AbstractAutowireCapableBeanFactory.createBean(AbstractAutowireCapableBeanFactory.java:522) ~[spring-beans-6.1.9.jar!/:6.1.9]
	at org.springframework.beans.factory.support.AbstractBeanFactory.lambda$doGetBean$0(AbstractBeanFactory.java:337) ~[spring-beans-6.1.9.jar!/:6.1.9]
	at org.springframework.beans.factory.support.DefaultSingletonBeanRegistry.getSingleton(DefaultSingletonBeanRegistry.java:234) ~[spring-beans-6.1.9.jar!/:6.1.9]
	at org.springframework.beans.factory.support.AbstractBeanFactory.doGetBean(AbstractBeanFactory.java:335) ~[spring-beans-6.1.9.jar!/:6.1.9]
	at org.springframework.beans.factory.support.AbstractBeanFactory.getBean(AbstractBeanFactory.java:200) ~[spring-beans-6.1.9.jar!/:6.1.9]
	at org.springframework.beans.factory.config.DependencyDescriptor.resolveCandidate(DependencyDescriptor.java:254) ~[spring-beans-6.1.9.jar!/:6.1.9]
	at org.springframework.beans.factory.support.DefaultListableBeanFactory.doResolveDependency(DefaultListableBeanFactory.java:1443) ~[spring-beans-6.1.9.jar!/:6.1.9]
	at org.springframework.beans.factory.support.DefaultListableBeanFactory.resolveDependency(DefaultListableBeanFactory.java:1353) ~[spring-beans-6.1.9.jar!/:6.1.9]
	at org.springframework.beans.factory.support.ConstructorResolver.resolveAutowiredArgument(ConstructorResolver.java:904) ~[spring-beans-6.1.9.jar!/:6.1.9]
	at org.springframework.beans.factory.support.ConstructorResolver.createArgumentArray(ConstructorResolver.java:782) ~[spring-beans-6.1.9.jar!/:6.1.9]
	at org.springframework.beans.factory.support.ConstructorResolver.autowireConstructor(ConstructorResolver.java:237) ~[spring-beans-6.1.9.jar!/:6.1.9]
	at org.springframework.beans.factory.support.AbstractAutowireCapableBeanFactory.autowireConstructor(AbstractAutowireCapableBeanFactory.java:1357) ~[spring-beans-6.1.9.jar!/:6.1.9]
	at org.springframework.beans.factory.support.AbstractAutowireCapableBeanFactory.createBeanInstance(AbstractAutowireCapableBeanFactory.java:1194) ~[spring-beans-6.1.9.jar!/:6.1.9]
	at org.springframework.beans.factory.support.AbstractAutowireCapableBeanFactory.doCreateBean(AbstractAutowireCapableBeanFactory.java:562) ~[spring-beans-6.1.9.jar!/:6.1.9]
	at org.springframework.beans.factory.support.AbstractAutowireCapableBeanFactory.createBean(AbstractAutowireCapableBeanFactory.java:522) ~[spring-beans-6.1.9.jar!/:6.1.9]
	at org.springframework.beans.factory.support.AbstractBeanFactory.lambda$doGetBean$0(AbstractBeanFactory.java:337) ~[spring-beans-6.1.9.jar!/:6.1.9]
	at org.springframework.beans.factory.support.DefaultSingletonBeanRegistry.getSingleton(DefaultSingletonBeanRegistry.java:234) ~[spring-beans-6.1.9.jar!/:6.1.9]
	at org.springframework.beans.factory.support.AbstractBeanFactory.doGetBean(AbstractBeanFactory.java:335) ~[spring-beans-6.1.9.jar!/:6.1.9]
	at org.springframework.beans.factory.support.AbstractBeanFactory.getBean(AbstractBeanFactory.java:200) ~[spring-beans-6.1.9.jar!/:6.1.9]
	at org.springframework.beans.factory.support.DefaultListableBeanFactory.preInstantiateSingletons(DefaultListableBeanFactory.java:975) ~[spring-beans-6.1.9.jar!/:6.1.9]
	at org.springframework.context.support.AbstractApplicationContext.finishBeanFactoryInitialization(AbstractApplicationContext.java:962) ~[spring-context-6.1.9.jar!/:6.1.9]
	at org.springframework.context.support.AbstractApplicationContext.refresh(AbstractApplicationContext.java:624) ~[spring-context-6.1.9.jar!/:6.1.9]
	at org.springframework.boot.web.servlet.context.ServletWebServerApplicationContext.refresh(ServletWebServerApplicationContext.java:146) ~[spring-boot-3.3.0.jar!/:3.3.0]
	at org.springframework.boot.SpringApplication.refresh(SpringApplication.java:754) ~[spring-boot-3.3.0.jar!/:3.3.0]
	at org.springframework.boot.SpringApplication.refreshContext(SpringApplication.java:456) ~[spring-boot-3.3.0.jar!/:3.3.0]
	at org.springframework.boot.SpringApplication.run(SpringApplication.java:335) ~[spring-boot-3.3.0.jar!/:3.3.0]
	at org.springframework.boot.builder.SpringApplicationBuilder.run(SpringApplicationBuilder.java:149) ~[spring-boot-3.3.0.jar!/:3.3.0]
	at lavalink.server.Launcher.launchMain(Launcher.kt:164) ~[classes!/:4.0.8]
	at lavalink.server.Launcher.main(Launcher.kt:126) ~[classes!/:4.0.8]
	at java.base/jdk.internal.reflect.DirectMethodHandleAccessor.invoke(DirectMethodHandleAccessor.java:103) ~[na:na]
	at java.base/java.lang.reflect.Method.invoke(Method.java:580) ~[na:na]
	at org.springframework.boot.loader.MainMethodRunner.run(MainMethodRunner.java:49) ~[Lavalink.jar:4.0.8]
	at org.springframework.boot.loader.Launcher.launch(Launcher.java:95) ~[Lavalink.jar:4.0.8]
	at org.springframework.boot.loader.Launcher.launch(Launcher.java:58) ~[Lavalink.jar:4.0.8]
	at org.springframework.boot.loader.JarLauncher.main(JarLauncher.java:65) ~[Lavalink.jar:4.0.8]
Caused by: java.net.UnknownHostException: No such host is known (www.twitch.tv)
	at java.base/java.net.Inet6AddressImpl.lookupAllHostAddr(Native Method) ~[na:na]
	at java.base/java.net.Inet6AddressImpl.lookupAllHostAddr(Inet6AddressImpl.java:52) ~[na:na]
	at java.base/java.net.InetAddress$PlatformResolver.lookupByName(InetAddress.java:1221) ~[na:na]
	at java.base/java.net.InetAddress.getAddressesFromNameService(InetAddress.java:1817) ~[na:na]
	at java.base/java.net.InetAddress$NameServiceAddresses.get(InetAddress.java:1149) ~[na:na]
	at java.base/java.net.InetAddress.getAllByName0(InetAddress.java:1807) ~[na:na]
	at java.base/java.net.InetAddress.getAllByName(InetAddress.java:1676) ~[na:na]
	at org.apache.http.impl.conn.SystemDefaultDnsResolver.resolve(SystemDefaultDnsResolver.java:45) ~[httpclient-4.5.14.jar!/:4.5.14]
	at com.sedmelluq.discord.lavaplayer.tools.http.ExtendedConnectionOperator.resolveAddresses(ExtendedConnectionOperator.java:126) ~[lavaplayer-2.2.2.jar!/:na]
	at com.sedmelluq.discord.lavaplayer.tools.http.ExtendedConnectionOperator.connect(ExtendedConnectionOperator.java:57) ~[lavaplayer-2.2.2.jar!/:na]
	at org.apache.http.impl.conn.PoolingHttpClientConnectionManager.connect(PoolingHttpClientConnectionManager.java:376) ~[httpclient-4.5.14.jar!/:4.5.14]
	at org.apache.http.impl.execchain.MainClientExec.establishRoute(MainClientExec.java:393) ~[httpclient-4.5.14.jar!/:4.5.14]
	at org.apache.http.impl.execchain.MainClientExec.execute(MainClientExec.java:236) ~[httpclient-4.5.14.jar!/:4.5.14]
	at org.apache.http.impl.execchain.ProtocolExec.execute(ProtocolExec.java:186) ~[httpclient-4.5.14.jar!/:4.5.14]
	at org.apache.http.impl.execchain.RetryExec.execute(RetryExec.java:89) ~[httpclient-4.5.14.jar!/:4.5.14]
	at org.apache.http.impl.execchain.RedirectExec.execute(RedirectExec.java:110) ~[httpclient-4.5.14.jar!/:4.5.14]
	at org.apache.http.impl.client.InternalHttpClient.doExecute(InternalHttpClient.java:185) ~[httpclient-4.5.14.jar!/:4.5.14]
	at org.apache.http.impl.client.CloseableHttpClient.execute(CloseableHttpClient.java:83) ~[httpclient-4.5.14.jar!/:4.5.14]
	at com.sedmelluq.discord.lavaplayer.tools.io.HttpInterface.execute(HttpInterface.java:73) ~[lavaplayer-2.2.2.jar!/:na]
	at com.sedmelluq.discord.lavaplayer.source.twitch.TwitchStreamAudioSourceManager.initRequestHeaders(TwitchStreamAudioSourceManager.java:220) ~[lavaplayer-2.2.2.jar!/:na]
	... 50 common frames omitted

2025-03-16T19:06:58.557+08:00  INFO 17976 --- [Lavalink] [main] c.g.t.lavasrc.plugin.LavaSrcPlugin       : Registering Spotify audio source manager...
2025-03-16T19:06:58.688+08:00  INFO 17976 --- [Lavalink] [main] d.l.youtube.plugin.YoutubePluginLoader   : YouTube source initialised with clients: WEB, TVHTML5_SIMPLY_EMBEDDED_PLAYER 
2025-03-16T19:07:00.565+08:00  INFO 17976 --- [Lavalink] [main] d.l.youtube.http.YoutubeOauth2Handler    : YouTube access token refreshed successfully
2025-03-16T19:07:01.283+08:00  INFO 17976 --- [Lavalink] [main] l.server.config.KoeConfiguration         : OS: WINDOWS, Arch: X86_64
2025-03-16T19:07:01.285+08:00  INFO 17976 --- [Lavalink] [main] l.server.config.KoeConfiguration         : Enabling JDA-NAS
2025-03-16T19:07:01.299+08:00  INFO 17976 --- [Lavalink] [main] c.s.l.c.natives.NativeLibraryLoader      : Native library udpqueue: loading with filter null
2025-03-16T19:07:01.335+08:00  INFO 17976 --- [Lavalink] [main] c.s.l.c.natives.NativeLibraryLoader      : Native library udpqueue: successfully loaded.
2025-03-16T19:07:01.391+08:00  INFO 17976 --- [Lavalink] [main] c.g.t.lavasrc.plugin.LavaSrcPlugin       : Registering Spotify lyrics manager...
2025-03-16T19:07:01.392+08:00  INFO 17976 --- [Lavalink] [main] c.g.t.lavasrc.plugin.LavaSrcPlugin       : Registering YouTube lyrics manager...
2025-03-16T19:07:01.494+08:00  WARN 17976 --- [Lavalink] [main] l.server.config.SentryConfiguration      : Turning off sentry
2025-03-16T19:07:02.550+08:00  INFO 17976 --- [Lavalink] [main] io.undertow                              : starting server: Undertow - 2.3.13.Final
2025-03-16T19:07:02.592+08:00  INFO 17976 --- [Lavalink] [main] org.xnio                                 : XNIO version 3.8.8.Final
2025-03-16T19:07:02.622+08:00  INFO 17976 --- [Lavalink] [main] org.xnio.nio                             : XNIO NIO Implementation Version 3.8.8.Final
2025-03-16T19:07:03.090+08:00  INFO 17976 --- [Lavalink] [main] org.jboss.threads                        : JBoss Threads version 3.5.0.Final
2025-03-16T19:07:03.388+08:00  INFO 17976 --- [Lavalink] [main] o.s.b.w.e.undertow.UndertowWebServer     : Undertow started on port 2333 (http) with context path '/'
2025-03-16T19:07:03.408+08:00  INFO 17976 --- [Lavalink] [main] lavalink.server.Launcher                 : Started Launcher in 42.808 seconds (process running for 49.994)
2025-03-16T19:07:03.413+08:00  INFO 17976 --- [Lavalink] [main] lavalink.server.Launcher                 : Lavalink is ready to accept connections.
2025-03-16T19:09:35.316+08:00  INFO 17976 --- [Lavalink] [XNIO-1 task-2] io.undertow.servlet                      : Initializing Spring DispatcherServlet 'dispatcherServlet'
2025-03-16T19:09:35.319+08:00  INFO 17976 --- [Lavalink] [XNIO-1 task-2] o.s.web.servlet.DispatcherServlet        : Initializing Servlet 'dispatcherServlet'
2025-03-16T19:09:35.325+08:00  INFO 17976 --- [Lavalink] [XNIO-1 task-2] o.s.web.servlet.DispatcherServlet        : Completed initialization in 6 ms
2025-03-16T19:09:35.412+08:00  INFO 17976 --- [Lavalink] [XNIO-1 task-2] l.server.io.HandshakeInterceptorImpl     : Incoming connection from /[0:0:0:0:0:0:0:1]:49936
2025-03-16T19:09:35.465+08:00  INFO 17976 --- [Lavalink] [XNIO-1 task-2] l.server.io.RequestLoggingFilter         : GET /v4/websocket, client=0:0:0:0:0:0:0:1
2025-03-16T19:09:35.634+08:00  INFO 17976 --- [Lavalink] [XNIO-1 task-2] lavalink.server.io.SocketServer          : Connection successfully established from shoukaku/4.1.1 (https://github.com/shipgirlproject/Shoukaku.git)
2025-03-16T19:09:36.984+08:00  WARN 17976 --- [Lavalink] [pool-2-thread-1] o.d.windows.perfmon.PerfmonDisabled      : Invalid registry value type detected for PerfOS counters. Should be REG_DWORD. Ignoring: HKEY_LOCAL_MACHINE\SYSTEM\CurrentControlSet\Services\PerfOS\Performance\Disable Performance Counters.
2025-03-16T19:10:27.458+08:00  INFO 17976 --- [Lavalink] [XNIO-1 I/O-7] lavalink.server.io.SocketServer          : Connection closed from /[0:0:0:0:0:0:0:1]:49936 with id oul609cfegk567qk -- CloseStatus[code=1006, reason=]
2025-03-16T19:10:27.459+08:00  INFO 17976 --- [Lavalink] [XNIO-1 I/O-7] lavalink.server.io.SocketContext         : Shutting down 0 playing players.
2025-03-16T19:14:05.946+08:00  INFO 17976 --- [Lavalink] [XNIO-1 task-2] l.server.io.HandshakeInterceptorImpl     : Incoming connection from /[0:0:0:0:0:0:0:1]:56279
2025-03-16T19:14:05.953+08:00  INFO 17976 --- [Lavalink] [XNIO-1 task-2] l.server.io.RequestLoggingFilter         : GET /v4/websocket, client=0:0:0:0:0:0:0:1
2025-03-16T19:14:05.963+08:00  INFO 17976 --- [Lavalink] [XNIO-1 task-2] lavalink.server.io.SocketServer          : Connection successfully established from shoukaku/4.1.1 (https://github.com/shipgirlproject/Shoukaku.git)
2025-03-16T19:21:22.914+08:00  INFO 17976 --- [Lavalink] [XNIO-1 I/O-4] lavalink.server.io.SocketServer          : Connection closed from /[0:0:0:0:0:0:0:1]:56279 with id d3rb0wqxto73u18i -- CloseStatus[code=1006, reason=]
2025-03-16T19:21:22.916+08:00  INFO 17976 --- [Lavalink] [XNIO-1 I/O-4] lavalink.server.io.SocketContext         : Shutting down 0 playing players.
2025-03-16T19:40:31.321+08:00  INFO 17976 --- [Lavalink] [XNIO-1 task-2] l.server.io.HandshakeInterceptorImpl     : Incoming connection from /[0:0:0:0:0:0:0:1]:50970
2025-03-16T19:40:31.324+08:00  INFO 17976 --- [Lavalink] [XNIO-1 task-2] l.server.io.RequestLoggingFilter         : GET /v4/websocket, client=0:0:0:0:0:0:0:1
2025-03-16T19:40:31.330+08:00  INFO 17976 --- [Lavalink] [XNIO-1 task-2] lavalink.server.io.SocketServer          : Connection successfully established from shoukaku/4.1.1 (https://github.com/shipgirlproject/Shoukaku.git)
2025-03-16T19:42:21.928+08:00  INFO 17976 --- [Lavalink] [XNIO-1 I/O-5] lavalink.server.io.SocketServer          : Connection closed from /[0:0:0:0:0:0:0:1]:50970 with id qv0raozahde45vcq -- CloseStatus[code=1006, reason=]
2025-03-16T19:42:21.930+08:00  INFO 17976 --- [Lavalink] [XNIO-1 I/O-5] lavalink.server.io.SocketContext         : Shutting down 0 playing players.
2025-03-16T19:49:51.397+08:00  INFO 17976 --- [Lavalink] [XNIO-1 task-2] l.server.io.HandshakeInterceptorImpl     : Incoming connection from /[0:0:0:0:0:0:0:1]:64325
2025-03-16T19:49:51.434+08:00  INFO 17976 --- [Lavalink] [XNIO-1 task-2] l.server.io.RequestLoggingFilter         : GET /v4/websocket, client=0:0:0:0:0:0:0:1
2025-03-16T19:49:51.444+08:00  INFO 17976 --- [Lavalink] [XNIO-1 task-2] lavalink.server.io.SocketServer          : Connection successfully established from shoukaku/4.1.1 (https://github.com/shipgirlproject/Shoukaku.git)
2025-03-16T19:50:02.509+08:00  INFO 17976 --- [Lavalink] [XNIO-1 I/O-6] lavalink.server.io.SocketServer          : Connection closed from /[0:0:0:0:0:0:0:1]:64325 with id yj95s6dhi5rssh7s -- CloseStatus[code=1006, reason=]
2025-03-16T19:50:02.509+08:00  INFO 17976 --- [Lavalink] [XNIO-1 I/O-6] lavalink.server.io.SocketContext         : Shutting down 0 playing players.
2025-03-16T19:54:48.790+08:00  INFO 17976 --- [Lavalink] [XNIO-1 task-2] l.server.io.HandshakeInterceptorImpl     : Incoming connection from /[0:0:0:0:0:0:0:1]:54896
2025-03-16T19:54:48.801+08:00  INFO 17976 --- [Lavalink] [XNIO-1 task-2] l.server.io.RequestLoggingFilter         : GET /v4/websocket, client=0:0:0:0:0:0:0:1
2025-03-16T19:54:48.808+08:00  INFO 17976 --- [Lavalink] [XNIO-1 task-2] lavalink.server.io.SocketServer          : Connection successfully established from shoukaku/4.1.1 (https://github.com/shipgirlproject/Shoukaku.git)
2025-03-16T19:58:24.815+08:00  INFO 17976 --- [Lavalink] [XNIO-1 I/O-5] lavalink.server.io.SocketServer          : Connection closed from /[0:0:0:0:0:0:0:1]:54896 with id anvspt4jyfhukd8n -- CloseStatus[code=1006, reason=]
2025-03-16T19:58:24.819+08:00  INFO 17976 --- [Lavalink] [XNIO-1 I/O-5] lavalink.server.io.SocketContext         : Shutting down 0 playing players.
2025-03-16T20:21:11.100+08:00  INFO 17976 --- [Lavalink] [XNIO-1 task-2] l.server.io.HandshakeInterceptorImpl     : Incoming connection from /[0:0:0:0:0:0:0:1]:62206
2025-03-16T20:21:11.108+08:00  INFO 17976 --- [Lavalink] [XNIO-1 task-2] l.server.io.RequestLoggingFilter         : GET /v4/websocket, client=0:0:0:0:0:0:0:1
2025-03-16T20:21:11.112+08:00  INFO 17976 --- [Lavalink] [XNIO-1 task-2] lavalink.server.io.SocketServer          : Connection successfully established from shoukaku/4.1.1 (https://github.com/shipgirlproject/Shoukaku.git)
2025-03-16T20:21:51.085+08:00  INFO 17976 --- [Lavalink] [XNIO-1 task-2] l.server.io.RequestLoggingFilter         : PATCH /v4/sessions/re5bl1cix4uf23e9/players/172507280737042432?noReplace=false, client=0:0:0:0:0:0:0:1, payload={"voice":{"token":"17eb1243dd265ba1","endpoint":"hongkong11145.discord.media:443","sessionId":"d298cf4351248cc0205ff7e0df30b739"}}
2025-03-16T20:21:51.192+08:00  INFO 17976 --- [Lavalink] [XNIO-1 task-2] l.server.io.RequestLoggingFilter         : PATCH /v4/sessions/re5bl1cix4uf23e9/players/172507280737042432?noReplace=false, client=0:0:0:0:0:0:0:1, payload={"volume":50}
2025-03-16T20:21:51.265+08:00  INFO 17976 --- [Lavalink] [XNIO-1 task-3] l.server.player.AudioLoaderRestHandler   : Got request to load for identifier "ytsearch:gingang guli guli"
2025-03-16T20:21:53.318+08:00  INFO 17976 --- [Lavalink] [XNIO-1 task-3] l.server.player.AudioLoaderRestHandler   : Loaded playlist Search results for: gingang guli guli
2025-03-16T20:21:53.382+08:00  INFO 17976 --- [Lavalink] [XNIO-1 task-3] l.server.io.RequestLoggingFilter         : GET /v4/loadtracks?identifier=ytsearch%3Agingang+guli+guli, client=0:0:0:0:0:0:0:1
2025-03-16T20:21:53.459+08:00  INFO 17976 --- [Lavalink] [XNIO-1 task-3] l.server.io.RequestLoggingFilter         : PATCH /v4/sessions/re5bl1cix4uf23e9/players/172507280737042432?noReplace=false, client=0:0:0:0:0:0:0:1, payload={"track":{"encoded":"QAAAzQMAL0dJTkcgR0FORyBHT09MSSAtIFJlLURydW0gUmVnZ2FlIChEalJvbWFyIFJlbWl4ABBEalJvbWFyIG9mZmljaWFsAAAAAAAEYRgAC0NXM1lUMEw5RU80AAEAK2h0dHBzOi8vd3d3LnlvdXR1YmUuY29tL3dhdGNoP3Y9Q1czWVQwTDlFTzQBADBodHRwczovL2kueXRpbWcuY29tL3ZpL0NXM1lUMEw5RU80L21xZGVmYXVsdC5qcGcAAAd5b3V0dWJlAAAAAAAAAAA=","userData":{"id":"313546252165840898","bot":false,"system":false,"flags":64,"username":"overseer024","globalName":"OverSeer","discriminator":"0","avatar":"e0b94eadc531a6e465b57f41d0287937","avatarDecoration":null,"avatarDecorationData":{"asset":"a_093fc2027134584d49f40e6f63619623","skuId":"1326718812279799809"},"createdTimestamp":1494825651924,"defaultAvatarURL":"https://cdn.discordapp.com/embed/avatars/0.png","tag":"overseer024","avatarURL":"https://cdn.discordapp.com/avatars/313546252165840898/e0b94eadc531a6e465b57f41d0287937.webp","displayAvatarURL":"https://cdn.discordapp.com/avatars/313546252165840898/e0b94eadc531a6e465b57f41d0287937.webp"}},"replaceCurrent":false}
2025-03-16T20:21:58.695+08:00  INFO 17976 --- [Lavalink] [lava-daemon-pool-playback-1-thread-1] c.s.l.c.natives.NativeLibraryLoader      : Native library libmpg123-0: loading with filter com.sedmelluq.discord.lavaplayer.natives.ConnectorNativeLibLoader$$Lambda/0x0000019c46888a20@75da38e6
2025-03-16T20:21:58.725+08:00  INFO 17976 --- [Lavalink] [lava-daemon-pool-playback-1-thread-1] c.s.l.c.natives.NativeLibraryLoader      : Native library libmpg123-0: successfully loaded.
2025-03-16T20:21:58.726+08:00  INFO 17976 --- [Lavalink] [lava-daemon-pool-playback-1-thread-1] c.s.l.c.natives.NativeLibraryLoader      : Native library connector: loading with filter null
2025-03-16T20:21:58.807+08:00  INFO 17976 --- [Lavalink] [lava-daemon-pool-playback-1-thread-1] c.s.l.c.natives.NativeLibraryLoader      : Native library connector: successfully loaded.
2025-03-16T20:23:01.047+08:00  INFO 17976 --- [Lavalink] [XNIO-1 task-3] l.server.io.RequestLoggingFilter         : PATCH /v4/sessions/re5bl1cix4uf23e9/players/172507280737042432?noReplace=false, client=0:0:0:0:0:0:0:1, payload={"track":{"encoded":null},"position":0}
2025-03-16T20:23:05.357+08:00  INFO 17976 --- [Lavalink] [XNIO-1 task-3] l.server.io.RequestLoggingFilter         : DELETE /v4/sessions/re5bl1cix4uf23e9/players/172507280737042432, client=0:0:0:0:0:0:0:1
2025-03-16T20:23:05.411+08:00  INFO 17976 --- [Lavalink] [XNIO-1 task-3] l.server.io.RequestLoggingFilter         : DELETE /v4/sessions/re5bl1cix4uf23e9/players/172507280737042432, client=0:0:0:0:0:0:0:1
2025-03-16T20:23:05.819+08:00  INFO 17976 --- [Lavalink] [XNIO-1 I/O-3] lavalink.server.io.SocketServer          : Connection closed from /[0:0:0:0:0:0:0:1]:62206 with id re5bl1cix4uf23e9 -- CloseStatus[code=1006, reason=]
2025-03-16T20:23:05.867+08:00  INFO 17976 --- [Lavalink] [XNIO-1 I/O-3] lavalink.server.io.SocketContext         : Shutting down 0 playing players.
2025-03-16T20:28:16.597+08:00  INFO 22640 --- [Lavalink] [main] lavalink.server.Launcher                 : Starting Launcher v4.0.8 using Java 23.0.1 with PID 22640 (C:\Users\OverSeer\Downloads\Lava\Lavalink.jar started by OverSeer in C:\Users\OverSeer\Downloads\Lava)
2025-03-16T20:28:16.621+08:00  INFO 22640 --- [Lavalink] [main] lavalink.server.Launcher                 : No active profile set, falling back to 1 default profile: "default"
2025-03-16T20:28:20.214+08:00  INFO 22640 --- [Lavalink] [main] l.server.bootstrap.PluginManager         : Found plugin 'lavalyrics-plugin' version 1.0.0
2025-03-16T20:28:20.215+08:00  INFO 22640 --- [Lavalink] [main] l.server.bootstrap.PluginManager         : Found plugin 'lavasrc-plugin' version 4.4.2
2025-03-16T20:28:20.215+08:00  INFO 22640 --- [Lavalink] [main] l.server.bootstrap.PluginManager         : Found plugin 'youtube-plugin' version 1.11.5
2025-03-16T20:28:20.309+08:00  INFO 22640 --- [Lavalink] [main] l.server.bootstrap.PluginManager         : Loaded lavalyrics-plugin-1.0.0.jar (23 classes)
2025-03-16T20:28:20.698+08:00  INFO 22640 --- [Lavalink] [main] l.server.bootstrap.PluginManager         : Loaded lavasrc-plugin-4.4.2.jar (170 classes)
2025-03-16T20:28:20.735+08:00  INFO 22640 --- [Lavalink] [main] l.server.bootstrap.PluginManager         : Loaded youtube-plugin-1.11.5.jar (16 classes)
2025-03-16T20:28:21.619+08:00  INFO 22640 --- [Lavalink] [main] lavalink.server.Launcher                 : Started Launcher in 7.232 seconds (process running for 9.253)
2025-03-16T20:28:22.227+08:00  INFO 22640 --- [Lavalink] [main] lavalink.server.Launcher                 : 

[32m       .  [31m _                  _ _       _    [32m__ _ _
[32m      /\\ [31m| | __ ___   ____ _| (_)_ __ | | __[32m\ \ \ \
[32m     ( ( )[31m| |/ _` \ \ / / _` | | | '_ \| |/ /[32m \ \ \ \
[32m      \\/ [31m| | (_| |\ V / (_| | | | | | |   < [32m  ) ) ) )
[32m       '  [31m|_|\__,_| \_/ \__,_|_|_|_| |_|_|\_\[32m / / / /
[0m    =========================================[32m/_/_/_/[0m

	Version:        4.0.8
	Build time:     20.09.2024 20:20:10 UTC
	Branch          HEAD
	Commit:         2946608
	Commit time:    20.09.2024 20:17:58 UTC
	JVM:            23.0.1
	Lavaplayer      2.2.2

2025-03-16T20:28:22.255+08:00  INFO 22640 --- [Lavalink] [main] lavalink.server.Launcher                 : No active profile set, falling back to 1 default profile: "default"
2025-03-16T20:28:25.975+08:00  WARN 22640 --- [Lavalink] [main] io.undertow.websockets.jsr               : UT026010: Buffer pool was not set on WebSocketDeploymentInfo, the default pool will be used
2025-03-16T20:28:26.093+08:00  INFO 22640 --- [Lavalink] [main] io.undertow.servlet                      : Initializing Spring embedded WebApplicationContext
2025-03-16T20:28:26.094+08:00  INFO 22640 --- [Lavalink] [main] w.s.c.ServletWebServerApplicationContext : Root WebApplicationContext: initialization completed in 3821 ms
2025-03-16T20:28:26.865+08:00  INFO 22640 --- [Lavalink] [main] c.g.t.lavasrc.plugin.LavaSrcPlugin       : Loading LavaSrc plugin...
2025-03-16T20:28:27.357+08:00  INFO 22640 --- [Lavalink] [main] c.g.t.lavasrc.plugin.LavaSrcPlugin       : Registering Youtube Source audio source manager...
2025-03-16T20:28:31.554+08:00  INFO 22640 --- [Lavalink] [main] c.s.d.l.tools.GarbageCollectionMonitor   : GC monitoring enabled, reporting results every 2 minutes.
2025-03-16T20:28:32.682+08:00  INFO 22640 --- [Lavalink] [main] c.g.t.lavasrc.plugin.LavaSrcPlugin       : Registering Spotify audio source manager...
2025-03-16T20:28:32.953+08:00  INFO 22640 --- [Lavalink] [main] d.l.youtube.plugin.YoutubePluginLoader   : YouTube source initialised with clients: WEB, TVHTML5_SIMPLY_EMBEDDED_PLAYER 
2025-03-16T20:28:33.570+08:00  INFO 22640 --- [Lavalink] [main] d.l.youtube.http.YoutubeOauth2Handler    : YouTube access token refreshed successfully
2025-03-16T20:28:34.185+08:00  INFO 22640 --- [Lavalink] [main] l.server.config.KoeConfiguration         : OS: WINDOWS, Arch: X86_64
2025-03-16T20:28:34.186+08:00  INFO 22640 --- [Lavalink] [main] l.server.config.KoeConfiguration         : Enabling JDA-NAS
2025-03-16T20:28:34.209+08:00  INFO 22640 --- [Lavalink] [main] c.s.l.c.natives.NativeLibraryLoader      : Native library udpqueue: loading with filter null
2025-03-16T20:28:34.247+08:00  INFO 22640 --- [Lavalink] [main] c.s.l.c.natives.NativeLibraryLoader      : Native library udpqueue: successfully loaded.
2025-03-16T20:28:34.311+08:00  INFO 22640 --- [Lavalink] [main] c.g.t.lavasrc.plugin.LavaSrcPlugin       : Registering Spotify lyrics manager...
2025-03-16T20:28:34.312+08:00  INFO 22640 --- [Lavalink] [main] c.g.t.lavasrc.plugin.LavaSrcPlugin       : Registering YouTube lyrics manager...
2025-03-16T20:28:34.400+08:00  WARN 22640 --- [Lavalink] [main] l.server.config.SentryConfiguration      : Turning off sentry
2025-03-16T20:28:35.447+08:00  INFO 22640 --- [Lavalink] [main] io.undertow                              : starting server: Undertow - 2.3.13.Final
2025-03-16T20:28:35.477+08:00  INFO 22640 --- [Lavalink] [main] org.xnio                                 : XNIO version 3.8.8.Final
2025-03-16T20:28:35.514+08:00  INFO 22640 --- [Lavalink] [main] org.xnio.nio                             : XNIO NIO Implementation Version 3.8.8.Final
2025-03-16T20:28:35.881+08:00  INFO 22640 --- [Lavalink] [main] org.jboss.threads                        : JBoss Threads version 3.5.0.Final
2025-03-16T20:28:36.142+08:00  INFO 22640 --- [Lavalink] [main] o.s.b.w.e.undertow.UndertowWebServer     : Undertow started on port 2333 (http) with context path '/'
2025-03-16T20:28:36.171+08:00  INFO 22640 --- [Lavalink] [main] lavalink.server.Launcher                 : Started Launcher in 14.529 seconds (process running for 23.804)
2025-03-16T20:28:36.175+08:00  INFO 22640 --- [Lavalink] [main] lavalink.server.Launcher                 : Lavalink is ready to accept connections.
2025-03-16T20:29:06.640+08:00  INFO 22640 --- [Lavalink] [XNIO-1 task-2] io.undertow.servlet                      : Initializing Spring DispatcherServlet 'dispatcherServlet'
2025-03-16T20:29:06.641+08:00  INFO 22640 --- [Lavalink] [XNIO-1 task-2] o.s.web.servlet.DispatcherServlet        : Initializing Servlet 'dispatcherServlet'
2025-03-16T20:29:06.647+08:00  INFO 22640 --- [Lavalink] [XNIO-1 task-2] o.s.web.servlet.DispatcherServlet        : Completed initialization in 2 ms
2025-03-16T20:29:06.747+08:00  INFO 22640 --- [Lavalink] [XNIO-1 task-2] l.server.io.HandshakeInterceptorImpl     : Incoming connection from /[0:0:0:0:0:0:0:1]:53196
2025-03-16T20:29:06.810+08:00  INFO 22640 --- [Lavalink] [XNIO-1 task-2] l.server.io.RequestLoggingFilter         : GET /v4/websocket, client=0:0:0:0:0:0:0:1
2025-03-16T20:29:06.994+08:00  INFO 22640 --- [Lavalink] [XNIO-1 task-2] lavalink.server.io.SocketServer          : Connection successfully established from shoukaku/4.1.1 (https://github.com/shipgirlproject/Shoukaku.git)
2025-03-16T20:29:09.139+08:00  WARN 22640 --- [Lavalink] [pool-2-thread-1] o.d.windows.perfmon.PerfmonDisabled      : Invalid registry value type detected for PerfOS counters. Should be REG_DWORD. Ignoring: HKEY_LOCAL_MACHINE\SYSTEM\CurrentControlSet\Services\PerfOS\Performance\Disable Performance Counters.
2025-03-16T20:29:29.676+08:00  INFO 22640 --- [Lavalink] [XNIO-1 task-2] l.server.io.RequestLoggingFilter         : PATCH /v4/sessions/5wh1zjn2awfmcc2d/players/172507280737042432?noReplace=false, client=0:0:0:0:0:0:0:1, payload={"voice":{"token":"d5a6034a2a770d42","endpoint":"hongkong11145.discord.media:443","sessionId":"56a84a1664e75b2958f858ad1f850faa"}}
2025-03-16T20:29:29.705+08:00  INFO 22640 --- [Lavalink] [XNIO-1 task-2] l.server.io.RequestLoggingFilter         : PATCH /v4/sessions/5wh1zjn2awfmcc2d/players/172507280737042432?noReplace=false, client=0:0:0:0:0:0:0:1, payload={"volume":50}
2025-03-16T20:29:29.772+08:00  INFO 22640 --- [Lavalink] [XNIO-1 task-3] l.server.player.AudioLoaderRestHandler   : Got request to load for identifier "ytsearch:lebron james song"
2025-03-16T20:29:32.028+08:00  INFO 22640 --- [Lavalink] [XNIO-1 task-3] l.server.player.AudioLoaderRestHandler   : Loaded playlist Search results for: lebron james song
2025-03-16T20:29:32.116+08:00  INFO 22640 --- [Lavalink] [XNIO-1 task-3] l.server.io.RequestLoggingFilter         : GET /v4/loadtracks?identifier=ytsearch%3Alebron+james+song, client=0:0:0:0:0:0:0:1
2025-03-16T20:29:32.205+08:00  INFO 22640 --- [Lavalink] [XNIO-1 task-3] l.server.io.RequestLoggingFilter         : PATCH /v4/sessions/5wh1zjn2awfmcc2d/players/172507280737042432?noReplace=false, client=0:0:0:0:0:0:0:1, payload={"track":{"encoded":"QAAA2QMAQExlYnJvbiBKYW1lcyBTb25nIHwgUiZCIFRpa1RvayBTb25nICJMZWJyb24gTGVicm9uIExlYnJvbiBKYW1lcyIAC0JhbmdlcnNPbmx5AAAAAAABklgAC053UVBEVWxKS2lJAAEAK2h0dHBzOi8vd3d3LnlvdXR1YmUuY29tL3dhdGNoP3Y9TndRUERVbEpLaUkBADBodHRwczovL2kueXRpbWcuY29tL3ZpL053UVBEVWxKS2lJL21xZGVmYXVsdC5qcGcAAAd5b3V0dWJlAAAAAAAAAAA=","userData":{"id":"313546252165840898","bot":false,"system":false,"flags":64,"username":"overseer024","globalName":"OverSeer","discriminator":"0","avatar":"e0b94eadc531a6e465b57f41d0287937","avatarDecoration":null,"avatarDecorationData":{"asset":"a_093fc2027134584d49f40e6f63619623","skuId":"1326718812279799809"},"createdTimestamp":1494825651924,"defaultAvatarURL":"https://cdn.discordapp.com/embed/avatars/0.png","tag":"overseer024","avatarURL":"https://cdn.discordapp.com/avatars/313546252165840898/e0b94eadc531a6e465b57f41d0287937.webp","displayAvatarURL":"https://cdn.discordapp.com/avatars/313546252165840898/e0b94eadc531a6e465b57f41d0287937.webp"}},"replaceCurrent":false}
2025-03-16T20:29:36.641+08:00  INFO 22640 --- [Lavalink] [lava-daemon-pool-playback-1-thread-1] c.s.l.c.natives.NativeLibraryLoader      : Native library libmpg123-0: loading with filter com.sedmelluq.discord.lavaplayer.natives.ConnectorNativeLibLoader$$Lambda/0x00000185d68a1cc8@2101207a
2025-03-16T20:29:36.665+08:00  INFO 22640 --- [Lavalink] [lava-daemon-pool-playback-1-thread-1] c.s.l.c.natives.NativeLibraryLoader      : Native library libmpg123-0: successfully loaded.
2025-03-16T20:29:36.666+08:00  INFO 22640 --- [Lavalink] [lava-daemon-pool-playback-1-thread-1] c.s.l.c.natives.NativeLibraryLoader      : Native library connector: loading with filter null
2025-03-16T20:29:36.729+08:00  INFO 22640 --- [Lavalink] [lava-daemon-pool-playback-1-thread-1] c.s.l.c.natives.NativeLibraryLoader      : Native library connector: successfully loaded.
2025-03-16T20:31:21.404+08:00  INFO 22640 --- [Lavalink] [XNIO-1 task-3] l.server.io.RequestLoggingFilter         : DELETE /v4/sessions/5wh1zjn2awfmcc2d/players/172507280737042432, client=0:0:0:0:0:0:0:1
2025-03-16T20:31:21.429+08:00  INFO 22640 --- [Lavalink] [XNIO-1 task-3] l.server.io.RequestLoggingFilter         : DELETE /v4/sessions/5wh1zjn2awfmcc2d/players/172507280737042432, client=0:0:0:0:0:0:0:1
2025-03-16T20:31:38.877+08:00  INFO 22640 --- [Lavalink] [XNIO-1 task-3] l.server.io.RequestLoggingFilter         : PATCH /v4/sessions/5wh1zjn2awfmcc2d/players/172507280737042432?noReplace=false, client=0:0:0:0:0:0:0:1, payload={"voice":{"token":"51c51ed0755f31b4","endpoint":"hongkong11145.discord.media:443","sessionId":"56a84a1664e75b2958f858ad1f850faa"}}
2025-03-16T20:31:38.890+08:00  INFO 22640 --- [Lavalink] [XNIO-1 task-2] l.server.player.AudioLoaderRestHandler   : Got request to load for identifier "ytsearch:neyo sick"
2025-03-16T20:31:38.893+08:00  INFO 22640 --- [Lavalink] [XNIO-1 task-3] l.server.io.RequestLoggingFilter         : PATCH /v4/sessions/5wh1zjn2awfmcc2d/players/172507280737042432?noReplace=false, client=0:0:0:0:0:0:0:1, payload={"volume":50}
2025-03-16T20:31:39.439+08:00  INFO 22640 --- [Lavalink] [XNIO-1 task-2] l.server.player.AudioLoaderRestHandler   : Loaded playlist Search results for: neyo sick
2025-03-16T20:31:39.445+08:00  INFO 22640 --- [Lavalink] [XNIO-1 task-2] l.server.io.RequestLoggingFilter         : GET /v4/loadtracks?identifier=ytsearch%3Aneyo+sick, client=0:0:0:0:0:0:0:1
2025-03-16T20:31:39.465+08:00  INFO 22640 --- [Lavalink] [XNIO-1 task-2] l.server.io.RequestLoggingFilter         : PATCH /v4/sessions/5wh1zjn2awfmcc2d/players/172507280737042432?noReplace=false, client=0:0:0:0:0:0:0:1, payload={"track":{"encoded":"QAAAuQMAJk5lLVlvIC0gU28gU2ljayAoT2ZmaWNpYWwgTXVzaWMgVmlkZW8pAAVORS1ZTwAAAAAAAzRQAAtJeHN6bEpwcFJRSQABACtodHRwczovL3d3dy55b3V0dWJlLmNvbS93YXRjaD92PUl4c3psSnBwUlFJAQAwaHR0cHM6Ly9pLnl0aW1nLmNvbS92aS9JeHN6bEpwcFJRSS9tcWRlZmF1bHQuanBnAAAHeW91dHViZQAAAAAAAAAA","userData":{"id":"313546252165840898","bot":false,"system":false,"flags":64,"username":"overseer024","globalName":"OverSeer","discriminator":"0","avatar":"e0b94eadc531a6e465b57f41d0287937","banner":null,"accentColor":null,"avatarDecoration":null,"avatarDecorationData":{"asset":"a_093fc2027134584d49f40e6f63619623","skuId":"1326718812279799809"},"createdTimestamp":1494825651924,"defaultAvatarURL":"https://cdn.discordapp.com/embed/avatars/0.png","hexAccentColor":null,"tag":"overseer024","avatarURL":"https://cdn.discordapp.com/avatars/313546252165840898/e0b94eadc531a6e465b57f41d0287937.webp","displayAvatarURL":"https://cdn.discordapp.com/avatars/313546252165840898/e0b94eadc531a6e465b57f41d0287937.webp","bannerURL":null}},"replaceCurrent":false}
2025-03-16T20:35:12.055+08:00  INFO 22640 --- [Lavalink] [XNIO-1 task-2] l.server.io.RequestLoggingFilter         : DELETE /v4/sessions/5wh1zjn2awfmcc2d/players/172507280737042432, client=0:0:0:0:0:0:0:1
2025-03-16T20:35:12.060+08:00  INFO 22640 --- [Lavalink] [XNIO-1 task-2] l.server.io.RequestLoggingFilter         : DELETE /v4/sessions/5wh1zjn2awfmcc2d/players/172507280737042432, client=0:0:0:0:0:0:0:1
2025-03-16T20:35:14.949+08:00  INFO 22640 --- [Lavalink] [lavalink-shutdown-handler] lavalink.server.io.SocketServer          : Connection closed from /[0:0:0:0:0:0:0:1]:53196 with id 5wh1zjn2awfmcc2d -- CloseStatus[code=1001, reason=]
2025-03-16T20:35:14.954+08:00  INFO 22640 --- [Lavalink] [lavalink-shutdown-handler] lavalink.server.io.SocketContext         : Shutting down 0 playing players.
2025-03-16T20:35:14.954+08:00  INFO 22640 --- [Lavalink] [SpringApplicationShutdownHook] io.undertow                              : stopping server: Undertow - 2.3.13.Final
2025-03-16T20:35:14.967+08:00  INFO 22640 --- [Lavalink] [SpringApplicationShutdownHook] io.undertow.servlet                      : Destroying Spring FrameworkServlet 'dispatcherServlet'
2025-03-16T20:35:14.974+08:00  INFO 22640 --- [Lavalink] [SpringApplicationShutdownHook] c.s.d.l.tools.GarbageCollectionMonitor   : GC monitoring disabled.
